DEBUG:2022-12-03 12:31:05,363	/home/these/VirtualBox VMs/PARTAGE/TKNACS_CLIENT/TknAcsClient.conf
DEBUG:2022-12-03 12:31:05,411	Opening & decryption of config file /home/these/VirtualBox VMs/PARTAGE/TKNACS_CLIENT/TknAcsClient.conf
DEBUG:2022-12-03 12:31:05,411	Decrypting...
DEBUG:2022-12-03 12:31:05,412	Loading object...
INFO:2022-12-03 12:31:05,412	Configuration loaded.
INFO:2022-12-03 12:31:05,412	Displaying MAIN MENU
INFO:2022-12-03 12:31:36,284	Configuration file not find, initializing a new one...
INFO:2022-12-03 12:32:57,867	Configuration file not find, initializing a new one...
INFO:2022-12-03 12:33:16,793	Configuration file not find, initializing a new one...
DEBUG:2022-12-03 12:33:28,743	/home/these/VirtualBox VMs/PARTAGE/TKNACS_CLIENT/TknAcsClient.conf
DEBUG:2022-12-03 12:33:28,788	Opening & decryption of config file /home/these/VirtualBox VMs/PARTAGE/TKNACS_CLIENT/TknAcsClient.conf
INFO:2022-12-03 12:33:28,789	/home/these/VirtualBox VMs/PARTAGE/TKNACS_CLIENT/TknAcsClient.conf not find, generatig a new one.
DEBUG:2022-12-03 12:33:28,789	Generating user attribute set to None by default.
DEBUG:2022-12-03 12:33:28,789	Generating _psk attribute set to None by default.
DEBUG:2022-12-03 12:33:28,789	Generating _counter attribute set to None by default.
DEBUG:2022-12-03 12:33:28,789	Generating host attribute set to None by default.
DEBUG:2022-12-03 12:33:28,789	Generating port attribute set to None by default.
DEBUG:2022-12-03 12:33:28,789	Generating password attribute set to None by default.
DEBUG:2022-12-03 12:33:28,789	Saving conf file to /home/these/VirtualBox VMs/PARTAGE/TKNACS_CLIENT/TknAcsClient.conf.
DEBUG:2022-12-03 12:33:28,789	Encrypting...
DEBUG:2022-12-03 12:33:28,789	Saving file...
DEBUG:2022-12-03 12:33:28,790	Trying to change user.
DEBUG:2022-12-03 12:33:28,790	Saving conf file to /home/these/VirtualBox VMs/PARTAGE/TKNACS_CLIENT/TknAcsClient.conf.
DEBUG:2022-12-03 12:33:28,790	Encrypting...
DEBUG:2022-12-03 12:33:28,790	Saving file...
INFO:2022-12-03 12:33:28,790	Configuration created.
INFO:2022-12-03 12:33:28,790	Displaying MAIN MENU
